<?xml version="1.0" encoding="UTF-8"?>
<!-- Generated by org.testng.reporters.JUnitReportReporter -->
<testsuite hostname="Jerins-MacBook-Pro.local" failures="1" tests="2" name="cucumberOptions.FailedTestNGRunner" time="59.616" errors="0" timestamp="2024-08-17T13:14:27 EDT" skipped="0">
  <testcase classname="cucumberOptions.FailedTestNGRunner" name="runScenario" time="30.014"/>
  <testcase classname="cucumberOptions.FailedTestNGRunner" name="runScenario" time="29.602">
    <failure message="Product not found expected [Beetroot] but found [No data]" type="java.lang.AssertionError">
      <![CDATA[java.lang.AssertionError: Product not found expected [Beetroot] but found [No data]
at org.testng.Assert.fail(Assert.java:111)
at org.testng.Assert.failNotEquals(Assert.java:1578)
at org.testng.Assert.assertEqualsImpl(Assert.java:150)
at org.testng.Assert.assertEquals(Assert.java:132)
at org.testng.Assert.assertEquals(Assert.java:656)
at stepDefinitions.OfferPageStepDefinition.user_search_fro_same_shortname_in_offers_page_to_check_the_product_exists(OfferPageStepDefinition.java:53)
at âœ½.user search fro same Beet in offers page to check the product exists(file:///Users/jerinraj/eclipse-workspace/LearnCucumberFramework/src/test/java/features/SearchProducts.feature:7)
]]>
    </failure>
  </testcase> <!-- runScenario -->
</testsuite> <!-- cucumberOptions.FailedTestNGRunner -->
